<?xml version="1.0" encoding="UTF-8"?>
<!-- Generated by org.testng.reporters.JUnitReportReporter -->
<testsuite hostname="DESKTOP-5J639TU" name="ru.task1.TestCreateFile" tests="5" failures="0" timestamp="25 Jun 2017 15:51:18 GMT" time="0.057" errors="0">
  <testcase name="weirdLegalname" time="0.005" classname="ru.task1.TestCreateFile"/>
  <testcase name="negativeTest2" time="0.003" classname="ru.task1.TestCreateFile"/>
  <testcase name="negativeTest1" time="0.029" classname="ru.task1.TestCreateFile"/>
  <testcase name="testEmpty" time="0.003" classname="ru.task1.TestCreateFile"/>
  <testcase name="createFileTest" time="0.017" classname="ru.task1.TestCreateFile"/>
</testsuite> <!-- ru.task1.TestCreateFile -->
