<?xml version="1.0" encoding="UTF-8"?>
<!-- Generated by org.testng.reporters.JUnitReportReporter -->
<testsuite hostname="DESKTOP-5J639TU" name="ru.task1.TestNGMock" tests="2" failures="0" timestamp="25 Jun 2017 15:51:18 GMT" time="0.001" errors="0">
  <testcase name="negativeMock" time="0.000" classname="ru.task1.TestNGMock"/>
  <testcase name="positiveMock" time="0.001" classname="ru.task1.TestNGMock"/>
</testsuite> <!-- ru.task1.TestNGMock -->
